<?xml version="1.0" encoding="UTF-8"?>
<!-- Generated by org.testng.reporters.JUnitXMLReporter -->
<testsuite ignored="0" hostname="Anurag_Maurya" failures="0" tests="10" name="Default test" time="24.703" errors="0" timestamp="2026-02-06T05:01:51 IST">
  <testcase classname="tests.TelecomProject" name="testCase_01_AddNewUser_POST" time="4.979"/>
  <testcase classname="tests.TelecomProject" name="testCase_02_GetUserProfile_GET" time="2.123"/>
  <testcase classname="tests.TelecomProject" name="testCase_03_UpdateUser_PATCH" time="2.447"/>
  <testcase classname="tests.TelecomProject" name="testCase_04_LogInUser_POST" time="2.254"/>
  <testcase classname="tests.TelecomProject" name="testCase_05_AddContact_POST" time="2.041"/>
  <testcase classname="tests.TelecomProject" name="testCase_06_GetContactList_GET" time="2.146"/>
  <testcase classname="tests.TelecomProject" name="testCase_07_GetContact_GET" time="2.194"/>
  <testcase classname="tests.TelecomProject" name="testCase_08_FullUpdateContact_PUT" time="2.021"/>
  <testcase classname="tests.TelecomProject" name="testCase_09_UpdateContact_PATCH" time="1.935"/>
  <testcase classname="tests.TelecomProject" name="testCase_10_LogOutUser_POST" time="2.26"/>
</testsuite> <!-- Default test -->
